[2015-03-29 04:29:50] myapp.INFO: Matched route "_categoriesGET_" (parameters: "_controller": "[{},"index"]", "_route": "_categoriesGET_") [] []
[2015-03-29 04:29:50] myapp.INFO: > GET /categories/ [] []
[2015-03-29 04:29:50] myapp.INFO: < 200 [] []
[2015-03-29 04:29:53] myapp.INFO: Matched route "GET_" (parameters: "_controller": "{}", "_route": "GET_") [] []
[2015-03-29 04:29:53] myapp.INFO: > GET / [] []
[2015-03-29 04:29:53] myapp.INFO: < 302 /items [] []
[2015-03-29 04:29:53] myapp.INFO: Matched route "" (parameters: "_controller": "{}", "_route": "null", "url": "/items/") [] []
[2015-03-29 04:29:53] myapp.INFO: > GET /items [] []
[2015-03-29 04:29:53] myapp.INFO: < 301 /items/ [] []
[2015-03-29 04:29:53] myapp.INFO: Matched route "_itemsGET_" (parameters: "_controller": "[{},"index"]", "_route": "_itemsGET_") [] []
[2015-03-29 04:29:53] myapp.INFO: > GET /items/ [] []
[2015-03-29 04:29:53] myapp.CRITICAL: LogicException: The controller must return a response (null given). Did you forget to add a return statement somewhere in your controller? (uncaught exception) at /var/www/html/rss/vendor/symfony/http-kernel/Symfony/Component/HttpKernel/HttpKernel.php line 163 {"exception":"[object] (LogicException(code: 0): The controller must return a response (null given). Did you forget to add a return statement somewhere in your controller? at /var/www/html/rss/vendor/symfony/http-kernel/Symfony/Component/HttpKernel/HttpKernel.php:163)"} []
[2015-03-29 04:29:53] myapp.INFO: < 500 [] []
[2015-03-29 04:30:43] myapp.INFO: Matched route "_categoriesGET_" (parameters: "_controller": "[{},"index"]", "_route": "_categoriesGET_") [] []
[2015-03-29 04:30:43] myapp.INFO: > GET /categories/ [] []
[2015-03-29 04:30:43] myapp.INFO: < 200 [] []
[2015-03-29 04:30:46] myapp.INFO: Matched route "" (parameters: "_controller": "{}", "_route": "null", "url": "/channels/") [] []
[2015-03-29 04:30:46] myapp.INFO: > GET /channels [] []
[2015-03-29 04:30:46] myapp.INFO: < 301 /channels/ [] []
[2015-03-29 04:30:46] myapp.INFO: Matched route "_channelsGET_" (parameters: "_controller": "[{},"index"]", "_route": "_channelsGET_") [] []
[2015-03-29 04:30:46] myapp.INFO: > GET /channels/ [] []
[2015-03-29 04:30:47] myapp.INFO: < 200 [] []
[2015-03-29 04:30:48] myapp.INFO: Matched route "" (parameters: "_controller": "{}", "_route": "null", "url": "/categories/") [] []
[2015-03-29 04:30:48] myapp.INFO: > GET /categories [] []
[2015-03-29 04:30:48] myapp.INFO: < 301 /categories/ [] []
[2015-03-29 04:30:48] myapp.INFO: Matched route "_categoriesGET_" (parameters: "_controller": "[{},"index"]", "_route": "_categoriesGET_") [] []
[2015-03-29 04:30:48] myapp.INFO: > GET /categories/ [] []
[2015-03-29 04:30:48] myapp.INFO: < 200 [] []
[2015-03-29 04:30:49] myapp.INFO: Matched route "" (parameters: "_controller": "{}", "_route": "null", "url": "/channels/") [] []
[2015-03-29 04:30:49] myapp.INFO: > GET /channels [] []
[2015-03-29 04:30:49] myapp.INFO: < 301 /channels/ [] []
[2015-03-29 04:30:49] myapp.INFO: Matched route "_channelsGET_" (parameters: "_controller": "[{},"index"]", "_route": "_channelsGET_") [] []
[2015-03-29 04:30:49] myapp.INFO: > GET /channels/ [] []
[2015-03-29 04:30:50] myapp.INFO: < 200 [] []
[2015-03-29 04:30:51] myapp.INFO: Matched route "" (parameters: "_controller": "{}", "_route": "null", "url": "/categories/") [] []
[2015-03-29 04:30:51] myapp.INFO: > GET /categories [] []
[2015-03-29 04:30:51] myapp.INFO: < 301 /categories/ [] []
[2015-03-29 04:30:51] myapp.INFO: Matched route "_categoriesGET_" (parameters: "_controller": "[{},"index"]", "_route": "_categoriesGET_") [] []
[2015-03-29 04:30:51] myapp.INFO: > GET /categories/ [] []
[2015-03-29 04:30:51] myapp.INFO: < 200 [] []
[2015-03-29 04:30:53] myapp.INFO: Matched route "_categoriesGET_id" (parameters: "_controller": "[{},"show"]", "id": "create", "_route": "_categoriesGET_id") [] []
[2015-03-29 04:30:53] myapp.INFO: > GET /categories/create [] []
[2015-03-29 04:30:53] myapp.INFO: < 200 [] []
[2015-03-29 04:30:55] myapp.INFO: Matched route "" (parameters: "_controller": "{}", "_route": "null", "url": "/categories/") [] []
[2015-03-29 04:30:55] myapp.INFO: > GET /categories [] []
[2015-03-29 04:30:55] myapp.INFO: < 301 /categories/ [] []
[2015-03-29 04:30:55] myapp.INFO: Matched route "_categoriesGET_" (parameters: "_controller": "[{},"index"]", "_route": "_categoriesGET_") [] []
[2015-03-29 04:30:55] myapp.INFO: > GET /categories/ [] []
[2015-03-29 04:30:55] myapp.INFO: < 200 [] []
[2015-03-29 04:30:59] myapp.INFO: Matched route "_categoriesGET_id_channels" (parameters: "_controller": "[{},"channels"]", "id": "1", "_route": "_categoriesGET_id_channels") [] []
[2015-03-29 04:30:59] myapp.INFO: > GET /categories/1/channels [] []
[2015-03-29 04:30:59] myapp.INFO: < 200 [] []
[2015-03-29 04:32:53] myapp.INFO: Matched route "_categoriesGET_id_channels" (parameters: "_controller": "[{},"channels"]", "id": "1", "_route": "_categoriesGET_id_channels") [] []
[2015-03-29 04:32:53] myapp.INFO: > GET /categories/1/channels [] []
[2015-03-29 04:32:53] myapp.INFO: < 200 [] []
[2015-03-29 04:32:55] myapp.INFO: Matched route "" (parameters: "_controller": "{}", "_route": "null", "url": "/categories/") [] []
[2015-03-29 04:32:55] myapp.INFO: > GET /categories [] []
[2015-03-29 04:32:55] myapp.INFO: < 301 /categories/ [] []
[2015-03-29 04:32:55] myapp.INFO: Matched route "_categoriesGET_" (parameters: "_controller": "[{},"index"]", "_route": "_categoriesGET_") [] []
[2015-03-29 04:32:55] myapp.INFO: > GET /categories/ [] []
[2015-03-29 04:32:56] myapp.INFO: < 200 [] []
[2015-03-29 04:32:57] myapp.INFO: Matched route "" (parameters: "_controller": "{}", "_route": "null", "url": "/channels/") [] []
[2015-03-29 04:32:57] myapp.INFO: > GET /channels [] []
[2015-03-29 04:32:57] myapp.INFO: < 301 /channels/ [] []
[2015-03-29 04:32:57] myapp.INFO: Matched route "_channelsGET_" (parameters: "_controller": "[{},"index"]", "_route": "_channelsGET_") [] []
[2015-03-29 04:32:57] myapp.INFO: > GET /channels/ [] []
[2015-03-29 04:32:57] myapp.INFO: < 200 [] []
[2015-03-29 04:32:58] myapp.INFO: Matched route "_channelsGET_id" (parameters: "_controller": "[{},"show"]", "id": "create", "_route": "_channelsGET_id") [] []
[2015-03-29 04:32:58] myapp.INFO: > GET /channels/create [] []
[2015-03-29 04:32:58] myapp.INFO: < 200 [] []
[2015-03-29 04:33:00] myapp.INFO: Matched route "" (parameters: "_controller": "{}", "_route": "null", "url": "/categories/") [] []
[2015-03-29 04:33:00] myapp.INFO: > GET /categories [] []
[2015-03-29 04:33:00] myapp.INFO: < 301 /categories/ [] []
[2015-03-29 04:33:00] myapp.INFO: Matched route "_categoriesGET_" (parameters: "_controller": "[{},"index"]", "_route": "_categoriesGET_") [] []
[2015-03-29 04:33:00] myapp.INFO: > GET /categories/ [] []
[2015-03-29 04:33:00] myapp.INFO: < 200 [] []
[2015-03-29 04:33:01] myapp.INFO: Matched route "" (parameters: "_controller": "{}", "_route": "null", "url": "/channels/") [] []
[2015-03-29 04:33:01] myapp.INFO: > GET /channels [] []
[2015-03-29 04:33:01] myapp.INFO: < 301 /channels/ [] []
[2015-03-29 04:33:01] myapp.INFO: Matched route "_channelsGET_" (parameters: "_controller": "[{},"index"]", "_route": "_channelsGET_") [] []
[2015-03-29 04:33:01] myapp.INFO: > GET /channels/ [] []
[2015-03-29 04:33:01] myapp.INFO: < 200 [] []
[2015-03-29 04:33:04] myapp.INFO: Matched route "_channelsGET_" (parameters: "_controller": "[{},"index"]", "_route": "_channelsGET_") [] []
[2015-03-29 04:33:04] myapp.INFO: > GET /channels/ [] []
[2015-03-29 04:33:04] myapp.INFO: < 200 [] []
[2015-03-29 05:16:25] myapp.INFO: Matched route "_categoriesGET_" (parameters: "_controller": "[{},"index"]", "_route": "_categoriesGET_") [] []
[2015-03-29 05:16:25] myapp.INFO: > GET /categories/ [] []
[2015-03-29 05:16:25] myapp.INFO: < 200 [] []
[2015-03-29 05:16:28] myapp.INFO: Matched route "GET_" (parameters: "_controller": "{}", "_route": "GET_") [] []
[2015-03-29 05:16:28] myapp.INFO: > GET / [] []
[2015-03-29 05:16:28] myapp.INFO: < 302 /items [] []
[2015-03-29 05:16:28] myapp.INFO: Matched route "" (parameters: "_controller": "{}", "_route": "null", "url": "/items/") [] []
[2015-03-29 05:16:28] myapp.INFO: > GET /items [] []
[2015-03-29 05:16:28] myapp.INFO: < 301 /items/ [] []
[2015-03-29 05:16:28] myapp.INFO: Matched route "_itemsGET_" (parameters: "_controller": "[{},"index"]", "_route": "_itemsGET_") [] []
[2015-03-29 05:16:28] myapp.INFO: > GET /items/ [] []
[2015-03-29 05:16:28] myapp.CRITICAL: LogicException: The controller must return a response (null given). Did you forget to add a return statement somewhere in your controller? (uncaught exception) at /var/www/html/rss/vendor/symfony/http-kernel/Symfony/Component/HttpKernel/HttpKernel.php line 163 {"exception":"[object] (LogicException(code: 0): The controller must return a response (null given). Did you forget to add a return statement somewhere in your controller? at /var/www/html/rss/vendor/symfony/http-kernel/Symfony/Component/HttpKernel/HttpKernel.php:163)"} []
[2015-03-29 05:16:28] myapp.INFO: < 500 [] []
[2015-03-29 05:17:25] myapp.INFO: Matched route "_itemsGET_" (parameters: "_controller": "[{},"index"]", "_route": "_itemsGET_") [] []
[2015-03-29 05:17:25] myapp.INFO: > GET /items/ [] []
[2015-03-29 05:17:25] myapp.CRITICAL: LogicException: The controller must return a response (null given). Did you forget to add a return statement somewhere in your controller? (uncaught exception) at /var/www/html/rss/vendor/symfony/http-kernel/Symfony/Component/HttpKernel/HttpKernel.php line 163 {"exception":"[object] (LogicException(code: 0): The controller must return a response (null given). Did you forget to add a return statement somewhere in your controller? at /var/www/html/rss/vendor/symfony/http-kernel/Symfony/Component/HttpKernel/HttpKernel.php:163)"} []
[2015-03-29 05:17:25] myapp.INFO: < 500 [] []
[2015-03-29 05:17:28] myapp.INFO: Matched route "_itemsGET_" (parameters: "_controller": "[{},"index"]", "_route": "_itemsGET_") [] []
[2015-03-29 05:17:28] myapp.INFO: > GET /items/ [] []
[2015-03-29 05:17:28] myapp.CRITICAL: LogicException: The controller must return a response (null given). Did you forget to add a return statement somewhere in your controller? (uncaught exception) at /var/www/html/rss/vendor/symfony/http-kernel/Symfony/Component/HttpKernel/HttpKernel.php line 163 {"exception":"[object] (LogicException(code: 0): The controller must return a response (null given). Did you forget to add a return statement somewhere in your controller? at /var/www/html/rss/vendor/symfony/http-kernel/Symfony/Component/HttpKernel/HttpKernel.php:163)"} []
[2015-03-29 05:17:28] myapp.INFO: < 500 [] []
[2015-03-29 05:17:30] myapp.INFO: Matched route "_categoriesGET_" (parameters: "_controller": "[{},"index"]", "_route": "_categoriesGET_") [] []
[2015-03-29 05:17:30] myapp.INFO: > GET /categories/ [] []
[2015-03-29 05:17:30] myapp.INFO: < 200 [] []
[2015-03-29 05:17:33] myapp.INFO: Matched route "_categoriesGET_id" (parameters: "_controller": "[{},"show"]", "id": "create", "_route": "_categoriesGET_id") [] []
[2015-03-29 05:17:33] myapp.INFO: > GET /categories/create [] []
[2015-03-29 05:17:33] myapp.INFO: < 200 [] []
[2015-03-29 05:17:35] myapp.INFO: Matched route "" (parameters: "_controller": "{}", "_route": "null", "url": "/categories/") [] []
[2015-03-29 05:17:35] myapp.INFO: > GET /categories [] []
[2015-03-29 05:17:35] myapp.INFO: < 301 /categories/ [] []
[2015-03-29 05:17:35] myapp.INFO: Matched route "_categoriesGET_" (parameters: "_controller": "[{},"index"]", "_route": "_categoriesGET_") [] []
[2015-03-29 05:17:35] myapp.INFO: > GET /categories/ [] []
[2015-03-29 05:17:35] myapp.INFO: < 200 [] []
[2015-03-29 05:17:36] myapp.INFO: Matched route "" (parameters: "_controller": "{}", "_route": "null", "url": "/channels/") [] []
[2015-03-29 05:17:36] myapp.INFO: > GET /channels [] []
[2015-03-29 05:17:36] myapp.INFO: < 301 /channels/ [] []
[2015-03-29 05:17:36] myapp.INFO: Matched route "_channelsGET_" (parameters: "_controller": "[{},"index"]", "_route": "_channelsGET_") [] []
[2015-03-29 05:17:36] myapp.INFO: > GET /channels/ [] []
[2015-03-29 05:17:36] myapp.INFO: < 200 [] []
[2015-03-29 05:17:40] myapp.INFO: Matched route "_channelsGET_id_items" (parameters: "_controller": "[{},"items"]", "id": "9", "_route": "_channelsGET_id_items") [] []
[2015-03-29 05:17:40] myapp.INFO: > GET /channels/9/items [] []
[2015-03-29 05:17:40] myapp.INFO: < 200 [] []
[2015-03-29 05:17:49] myapp.INFO: Matched route "" (parameters: "_controller": "{}", "_route": "null", "url": "/categories/") [] []
[2015-03-29 05:17:49] myapp.INFO: > GET /categories [] []
[2015-03-29 05:17:49] myapp.INFO: < 301 /categories/ [] []
[2015-03-29 05:17:49] myapp.INFO: Matched route "_categoriesGET_" (parameters: "_controller": "[{},"index"]", "_route": "_categoriesGET_") [] []
[2015-03-29 05:17:49] myapp.INFO: > GET /categories/ [] []
[2015-03-29 05:17:49] myapp.INFO: < 200 [] []
[2015-03-29 05:17:52] myapp.INFO: Matched route "GET_" (parameters: "_controller": "{}", "_route": "GET_") [] []
[2015-03-29 05:17:52] myapp.INFO: > GET / [] []
[2015-03-29 05:17:52] myapp.INFO: < 302 /items [] []
[2015-03-29 05:17:52] myapp.INFO: Matched route "" (parameters: "_controller": "{}", "_route": "null", "url": "/items/") [] []
[2015-03-29 05:17:52] myapp.INFO: > GET /items [] []
[2015-03-29 05:17:52] myapp.INFO: < 301 /items/ [] []
[2015-03-29 05:17:52] myapp.INFO: Matched route "_itemsGET_" (parameters: "_controller": "[{},"index"]", "_route": "_itemsGET_") [] []
[2015-03-29 05:17:52] myapp.INFO: > GET /items/ [] []
[2015-03-29 05:17:52] myapp.CRITICAL: LogicException: The controller must return a response (null given). Did you forget to add a return statement somewhere in your controller? (uncaught exception) at /var/www/html/rss/vendor/symfony/http-kernel/Symfony/Component/HttpKernel/HttpKernel.php line 163 {"exception":"[object] (LogicException(code: 0): The controller must return a response (null given). Did you forget to add a return statement somewhere in your controller? at /var/www/html/rss/vendor/symfony/http-kernel/Symfony/Component/HttpKernel/HttpKernel.php:163)"} []
[2015-03-29 05:17:52] myapp.INFO: < 500 [] []
[2015-03-29 05:19:19] myapp.INFO: Matched route "_itemsGET_" (parameters: "_controller": "[{},"index"]", "_route": "_itemsGET_") [] []
[2015-03-29 05:19:19] myapp.INFO: > GET /items/ [] []
[2015-03-29 05:19:19] myapp.CRITICAL: LogicException: The controller must return a response (null given). Did you forget to add a return statement somewhere in your controller? (uncaught exception) at /var/www/html/rss/vendor/symfony/http-kernel/Symfony/Component/HttpKernel/HttpKernel.php line 163 {"exception":"[object] (LogicException(code: 0): The controller must return a response (null given). Did you forget to add a return statement somewhere in your controller? at /var/www/html/rss/vendor/symfony/http-kernel/Symfony/Component/HttpKernel/HttpKernel.php:163)"} []
[2015-03-29 05:19:19] myapp.INFO: < 500 [] []
[2015-03-29 05:19:35] myapp.INFO: Matched route "_itemsGET_" (parameters: "_controller": "[{},"index"]", "_route": "_itemsGET_") [] []
[2015-03-29 05:19:35] myapp.INFO: > GET /items/ [] []
[2015-03-29 05:19:35] myapp.CRITICAL: LogicException: The controller must return a response (null given). Did you forget to add a return statement somewhere in your controller? (uncaught exception) at /var/www/html/rss/vendor/symfony/http-kernel/Symfony/Component/HttpKernel/HttpKernel.php line 163 {"exception":"[object] (LogicException(code: 0): The controller must return a response (null given). Did you forget to add a return statement somewhere in your controller? at /var/www/html/rss/vendor/symfony/http-kernel/Symfony/Component/HttpKernel/HttpKernel.php:163)"} []
[2015-03-29 05:19:35] myapp.INFO: < 500 [] []
[2015-03-29 05:19:54] myapp.INFO: Matched route "_categoriesGET_" (parameters: "_controller": "[{},"index"]", "_route": "_categoriesGET_") [] []
[2015-03-29 05:19:54] myapp.INFO: > GET /categories/ [] []
[2015-03-29 05:19:54] myapp.INFO: < 200 [] []
[2015-03-29 05:20:04] myapp.INFO: Matched route "_categoriesGET_" (parameters: "_controller": "[{},"index"]", "_route": "_categoriesGET_") [] []
[2015-03-29 05:20:04] myapp.INFO: > GET /categories/ [] []
[2015-03-29 05:20:04] myapp.INFO: < 200 [] []
[2015-03-29 05:20:15] myapp.INFO: Matched route "_categoriesGET_id_items" (parameters: "_controller": "[{},"items"]", "id": "14", "_route": "_categoriesGET_id_items") [] []
[2015-03-29 05:20:15] myapp.INFO: > GET /categories/14/items [] []
[2015-03-29 05:20:15] myapp.INFO: < 200 [] []
[2015-03-29 05:20:43] myapp.INFO: Matched route "GET_" (parameters: "_controller": "{}", "_route": "GET_") [] []
[2015-03-29 05:20:43] myapp.INFO: > GET / [] []
[2015-03-29 05:20:43] myapp.INFO: < 302 /items [] []
[2015-03-29 05:20:43] myapp.INFO: Matched route "" (parameters: "_controller": "{}", "_route": "null", "url": "/items/") [] []
[2015-03-29 05:20:43] myapp.INFO: > GET /items [] []
[2015-03-29 05:20:43] myapp.INFO: < 301 /items/ [] []
[2015-03-29 05:20:43] myapp.INFO: Matched route "_itemsGET_" (parameters: "_controller": "[{},"index"]", "_route": "_itemsGET_") [] []
[2015-03-29 05:20:43] myapp.INFO: > GET /items/ [] []
[2015-03-29 05:20:43] myapp.CRITICAL: LogicException: The controller must return a response (null given). Did you forget to add a return statement somewhere in your controller? (uncaught exception) at /var/www/html/rss/vendor/symfony/http-kernel/Symfony/Component/HttpKernel/HttpKernel.php line 163 {"exception":"[object] (LogicException(code: 0): The controller must return a response (null given). Did you forget to add a return statement somewhere in your controller? at /var/www/html/rss/vendor/symfony/http-kernel/Symfony/Component/HttpKernel/HttpKernel.php:163)"} []
[2015-03-29 05:20:43] myapp.INFO: < 500 [] []
[2015-03-29 05:20:46] myapp.INFO: Matched route "" (parameters: "_controller": "{}", "_route": "null", "url": "/items/") [] []
[2015-03-29 05:20:46] myapp.INFO: > GET /items [] []
[2015-03-29 05:20:46] myapp.INFO: < 301 /items/ [] []
[2015-03-29 05:20:46] myapp.INFO: Matched route "_itemsGET_" (parameters: "_controller": "[{},"index"]", "_route": "_itemsGET_") [] []
[2015-03-29 05:20:46] myapp.INFO: > GET /items/ [] []
[2015-03-29 05:20:46] myapp.CRITICAL: LogicException: The controller must return a response (null given). Did you forget to add a return statement somewhere in your controller? (uncaught exception) at /var/www/html/rss/vendor/symfony/http-kernel/Symfony/Component/HttpKernel/HttpKernel.php line 163 {"exception":"[object] (LogicException(code: 0): The controller must return a response (null given). Did you forget to add a return statement somewhere in your controller? at /var/www/html/rss/vendor/symfony/http-kernel/Symfony/Component/HttpKernel/HttpKernel.php:163)"} []
[2015-03-29 05:20:46] myapp.INFO: < 500 [] []
[2015-03-29 05:20:48] myapp.INFO: Matched route "" (parameters: "_controller": "{}", "_route": "null", "url": "/items/") [] []
[2015-03-29 05:20:48] myapp.INFO: > GET /items [] []
[2015-03-29 05:20:48] myapp.INFO: < 301 /items/ [] []
[2015-03-29 05:20:48] myapp.INFO: Matched route "_itemsGET_" (parameters: "_controller": "[{},"index"]", "_route": "_itemsGET_") [] []
[2015-03-29 05:20:48] myapp.INFO: > GET /items/ [] []
[2015-03-29 05:20:48] myapp.CRITICAL: LogicException: The controller must return a response (null given). Did you forget to add a return statement somewhere in your controller? (uncaught exception) at /var/www/html/rss/vendor/symfony/http-kernel/Symfony/Component/HttpKernel/HttpKernel.php line 163 {"exception":"[object] (LogicException(code: 0): The controller must return a response (null given). Did you forget to add a return statement somewhere in your controller? at /var/www/html/rss/vendor/symfony/http-kernel/Symfony/Component/HttpKernel/HttpKernel.php:163)"} []
[2015-03-29 05:20:48] myapp.INFO: < 500 [] []
[2015-03-29 05:21:32] myapp.INFO: Matched route "_itemsGET_" (parameters: "_controller": "[{},"index"]", "_route": "_itemsGET_") [] []
[2015-03-29 05:21:32] myapp.INFO: > GET /items/ [] []
[2015-03-29 05:21:32] myapp.CRITICAL: LogicException: The controller must return a response (null given). Did you forget to add a return statement somewhere in your controller? (uncaught exception) at /var/www/html/rss/vendor/symfony/http-kernel/Symfony/Component/HttpKernel/HttpKernel.php line 163 {"exception":"[object] (LogicException(code: 0): The controller must return a response (null given). Did you forget to add a return statement somewhere in your controller? at /var/www/html/rss/vendor/symfony/http-kernel/Symfony/Component/HttpKernel/HttpKernel.php:163)"} []
[2015-03-29 05:21:32] myapp.INFO: < 500 [] []
[2015-03-29 05:21:35] myapp.INFO: Matched route "_categoriesGET_id_items" (parameters: "_controller": "[{},"items"]", "id": "14", "_route": "_categoriesGET_id_items") [] []
[2015-03-29 05:21:35] myapp.INFO: > GET /categories/14/items [] []
[2015-03-29 05:21:35] myapp.INFO: < 200 [] []
[2015-03-29 05:21:36] myapp.INFO: Matched route "GET_" (parameters: "_controller": "{}", "_route": "GET_") [] []
[2015-03-29 05:21:36] myapp.INFO: > GET / [] []
[2015-03-29 05:21:36] myapp.INFO: < 302 /items [] []
[2015-03-29 05:21:36] myapp.INFO: Matched route "" (parameters: "_controller": "{}", "_route": "null", "url": "/items/") [] []
[2015-03-29 05:21:36] myapp.INFO: > GET /items [] []
[2015-03-29 05:21:36] myapp.INFO: < 301 /items/ [] []
[2015-03-29 05:21:36] myapp.INFO: Matched route "_itemsGET_" (parameters: "_controller": "[{},"index"]", "_route": "_itemsGET_") [] []
[2015-03-29 05:21:36] myapp.INFO: > GET /items/ [] []
[2015-03-29 05:21:36] myapp.CRITICAL: LogicException: The controller must return a response (null given). Did you forget to add a return statement somewhere in your controller? (uncaught exception) at /var/www/html/rss/vendor/symfony/http-kernel/Symfony/Component/HttpKernel/HttpKernel.php line 163 {"exception":"[object] (LogicException(code: 0): The controller must return a response (null given). Did you forget to add a return statement somewhere in your controller? at /var/www/html/rss/vendor/symfony/http-kernel/Symfony/Component/HttpKernel/HttpKernel.php:163)"} []
[2015-03-29 05:21:36] myapp.INFO: < 500 [] []
[2015-03-29 05:22:13] myapp.INFO: Matched route "_itemsGET_id" (parameters: "_controller": "[{},"show"]", "id": "all", "_route": "_itemsGET_id") [] []
[2015-03-29 05:22:13] myapp.INFO: > GET /items/all [] []
[2015-03-29 05:22:13] myapp.CRITICAL: LogicException: The controller must return a response (null given). Did you forget to add a return statement somewhere in your controller? (uncaught exception) at /var/www/html/rss/vendor/symfony/http-kernel/Symfony/Component/HttpKernel/HttpKernel.php line 163 {"exception":"[object] (LogicException(code: 0): The controller must return a response (null given). Did you forget to add a return statement somewhere in your controller? at /var/www/html/rss/vendor/symfony/http-kernel/Symfony/Component/HttpKernel/HttpKernel.php:163)"} []
[2015-03-29 05:22:13] myapp.INFO: < 500 [] []
[2015-03-29 05:22:16] myapp.INFO: Matched route "_itemsGET_id" (parameters: "_controller": "[{},"show"]", "id": "all", "_route": "_itemsGET_id") [] []
[2015-03-29 05:22:16] myapp.INFO: > GET /items/all [] []
[2015-03-29 05:22:16] myapp.CRITICAL: LogicException: The controller must return a response (null given). Did you forget to add a return statement somewhere in your controller? (uncaught exception) at /var/www/html/rss/vendor/symfony/http-kernel/Symfony/Component/HttpKernel/HttpKernel.php line 163 {"exception":"[object] (LogicException(code: 0): The controller must return a response (null given). Did you forget to add a return statement somewhere in your controller? at /var/www/html/rss/vendor/symfony/http-kernel/Symfony/Component/HttpKernel/HttpKernel.php:163)"} []
[2015-03-29 05:22:16] myapp.INFO: < 500 [] []
[2015-03-29 05:22:20] myapp.INFO: Matched route "_itemsGET_id" (parameters: "_controller": "[{},"show"]", "id": "allk", "_route": "_itemsGET_id") [] []
[2015-03-29 05:22:20] myapp.INFO: > GET /items/allk [] []
[2015-03-29 05:22:20] myapp.CRITICAL: LogicException: The controller must return a response (null given). Did you forget to add a return statement somewhere in your controller? (uncaught exception) at /var/www/html/rss/vendor/symfony/http-kernel/Symfony/Component/HttpKernel/HttpKernel.php line 163 {"exception":"[object] (LogicException(code: 0): The controller must return a response (null given). Did you forget to add a return statement somewhere in your controller? at /var/www/html/rss/vendor/symfony/http-kernel/Symfony/Component/HttpKernel/HttpKernel.php:163)"} []
[2015-03-29 05:22:20] myapp.INFO: < 500 [] []
[2015-03-29 05:22:22] myapp.INFO: Matched route "_itemsGET_id" (parameters: "_controller": "[{},"show"]", "id": "allk", "_route": "_itemsGET_id") [] []
[2015-03-29 05:22:22] myapp.INFO: > GET /items/allk [] []
[2015-03-29 05:22:22] myapp.CRITICAL: LogicException: The controller must return a response (null given). Did you forget to add a return statement somewhere in your controller? (uncaught exception) at /var/www/html/rss/vendor/symfony/http-kernel/Symfony/Component/HttpKernel/HttpKernel.php line 163 {"exception":"[object] (LogicException(code: 0): The controller must return a response (null given). Did you forget to add a return statement somewhere in your controller? at /var/www/html/rss/vendor/symfony/http-kernel/Symfony/Component/HttpKernel/HttpKernel.php:163)"} []
[2015-03-29 05:22:22] myapp.INFO: < 500 [] []
[2015-03-29 05:22:30] myapp.INFO: Matched route "_itemsGET_id" (parameters: "_controller": "[{},"show"]", "id": "allll", "_route": "_itemsGET_id") [] []
[2015-03-29 05:22:30] myapp.INFO: > GET /items/allll [] []
[2015-03-29 05:22:30] myapp.CRITICAL: LogicException: The controller must return a response (null given). Did you forget to add a return statement somewhere in your controller? (uncaught exception) at /var/www/html/rss/vendor/symfony/http-kernel/Symfony/Component/HttpKernel/HttpKernel.php line 163 {"exception":"[object] (LogicException(code: 0): The controller must return a response (null given). Did you forget to add a return statement somewhere in your controller? at /var/www/html/rss/vendor/symfony/http-kernel/Symfony/Component/HttpKernel/HttpKernel.php:163)"} []
[2015-03-29 05:22:30] myapp.INFO: < 500 [] []
[2015-03-29 05:24:58] myapp.INFO: Matched route "_itemsGET_id" (parameters: "_controller": "[{},"show"]", "id": "allll", "_route": "_itemsGET_id") [] []
[2015-03-29 05:24:58] myapp.INFO: > GET /items/allll [] []
[2015-03-29 05:24:58] myapp.CRITICAL: LogicException: The controller must return a response (null given). Did you forget to add a return statement somewhere in your controller? (uncaught exception) at /var/www/html/rss/vendor/symfony/http-kernel/Symfony/Component/HttpKernel/HttpKernel.php line 163 {"exception":"[object] (LogicException(code: 0): The controller must return a response (null given). Did you forget to add a return statement somewhere in your controller? at /var/www/html/rss/vendor/symfony/http-kernel/Symfony/Component/HttpKernel/HttpKernel.php:163)"} []
[2015-03-29 05:24:58] myapp.INFO: < 500 [] []
[2015-03-29 05:25:00] myapp.INFO: Matched route "_itemsGET_id" (parameters: "_controller": "[{},"show"]", "id": "allll", "_route": "_itemsGET_id") [] []
[2015-03-29 05:25:00] myapp.INFO: > GET /items/allll [] []
[2015-03-29 05:25:00] myapp.CRITICAL: LogicException: The controller must return a response (null given). Did you forget to add a return statement somewhere in your controller? (uncaught exception) at /var/www/html/rss/vendor/symfony/http-kernel/Symfony/Component/HttpKernel/HttpKernel.php line 163 {"exception":"[object] (LogicException(code: 0): The controller must return a response (null given). Did you forget to add a return statement somewhere in your controller? at /var/www/html/rss/vendor/symfony/http-kernel/Symfony/Component/HttpKernel/HttpKernel.php:163)"} []
[2015-03-29 05:25:00] myapp.INFO: < 500 [] []
[2015-03-29 05:25:01] myapp.INFO: Matched route "_itemsGET_id" (parameters: "_controller": "[{},"show"]", "id": "allll", "_route": "_itemsGET_id") [] []
[2015-03-29 05:25:01] myapp.INFO: > GET /items/allll [] []
[2015-03-29 05:25:01] myapp.CRITICAL: LogicException: The controller must return a response (null given). Did you forget to add a return statement somewhere in your controller? (uncaught exception) at /var/www/html/rss/vendor/symfony/http-kernel/Symfony/Component/HttpKernel/HttpKernel.php line 163 {"exception":"[object] (LogicException(code: 0): The controller must return a response (null given). Did you forget to add a return statement somewhere in your controller? at /var/www/html/rss/vendor/symfony/http-kernel/Symfony/Component/HttpKernel/HttpKernel.php:163)"} []
[2015-03-29 05:25:01] myapp.INFO: < 500 [] []
[2015-03-29 06:46:14] myapp.INFO: Matched route "_categoriesGET_" (parameters: "_controller": "[{},"index"]", "_route": "_categoriesGET_") [] []
[2015-03-29 06:46:14] myapp.INFO: > GET /categories/ [] []
[2015-03-29 06:46:14] myapp.INFO: < 200 [] []
[2015-03-29 06:46:14] myapp.INFO: Matched route "GET_sidebar" (parameters: "_controller": "{}", "_route": "GET_sidebar") [] []
[2015-03-29 06:46:14] myapp.INFO: > GET /sidebar [] []
[2015-03-29 06:46:14] myapp.INFO: < 200 [] []
[2015-03-29 06:46:20] myapp.INFO: Matched route "GET_" (parameters: "_controller": "{}", "_route": "GET_") [] []
[2015-03-29 06:46:20] myapp.INFO: > GET / [] []
[2015-03-29 06:46:20] myapp.INFO: < 302 /items [] []
[2015-03-29 06:46:20] myapp.INFO: Matched route "" (parameters: "_controller": "{}", "_route": "null", "url": "/items/") [] []
[2015-03-29 06:46:20] myapp.INFO: > GET /items [] []
[2015-03-29 06:46:20] myapp.INFO: < 301 /items/ [] []
[2015-03-29 06:46:20] myapp.INFO: Matched route "_itemsGET_" (parameters: "_controller": "[{},"index"]", "_route": "_itemsGET_") [] []
[2015-03-29 06:46:20] myapp.INFO: > GET /items/ [] []
[2015-03-29 06:46:20] myapp.DEBUG: array (   0 =>    rss\models\Item::__set_state(array(      'channel' =>      rss\models\Channel::__set_state(array(        'category' => NULL,        'items' =>        array (       ),        'feedLink' => 'http://localhost:8080/demo/atom.xml',        'lastHash' => 'd41d8cd98f00b204e9800998ecf8427e',        'title' => 'Atom Simple Feed Updated',        'link' => 'http://atom.sample.com',        'description' => 'Atom Feed Sample description',        'pubDate' => '2015-03-27 13:30:02',        'imageUrl' => NULL,        'id' => '4',        'created' => '2015-03-29 00:43:19',        'updated' => '2015-03-29 01:05:42',     )),      'title' => 'Item 1',      'link' => 'http://atom.sample.com/item1',      'content' => '<div xmlns="http://www.w3.org/1999/xhtml">                 <p>This is the entry content.</p>             </div>',      'pubDate' => '2015-03-27 17:30:02',      'author' => 'Amine',      'viewed' => '0',      'id' => '16',      'created' => '2015-03-29 00:43:19',      'updated' => '2015-03-29 01:05:42',   )),   1 =>    rss\models\Item::__set_state(array(      'channel' =>      rss\models\Channel::__set_state(array(        'category' => NULL,        'items' =>        array (       ),        'feedLink' => 'http://localhost:8080/demo/atom.xml',        'lastHash' => 'd41d8cd98f00b204e9800998ecf8427e',        'title' => 'Atom Simple Feed Updated',        'link' => 'http://atom.sample.com',        'description' => 'Atom Feed Sample description',        'pubDate' => '2015-03-27 13:30:02',        'imageUrl' => NULL,        'id' => '4',        'created' => '2015-03-29 00:43:19',        'updated' => '2015-03-29 01:05:42',     )),      'title' => 'Item 2',      'link' => 'http://atom.sample.com/item2',      'content' => '<div xmlns="http://www.w3.org/1999/xhtml">                 <p>This is the entry content.</p>             </div>',      'pubDate' => '2015-03-27 17:30:02',      'author' => 'Nabil',      'viewed' => '0',      'id' => '17',      'created' => '2015-03-29 00:43:19',      'updated' => '2015-03-29 01:05:42',   )),   2 =>    rss\models\Item::__set_state(array(      'channel' =>      rss\models\Channel::__set_state(array(        'category' => NULL,        'items' =>        array (       ),        'feedLink' => 'http://localhost:8080/demo/rss.xml',        'lastHash' => 'd41d8cd98f00b204e9800998ecf8427e',        'title' => 'RSS Simple Feed Updated',        'link' => 'http://rss.sample.com',        'description' => 'RSS Feed Sample description',        'pubDate' => '2015-03-27 15:00:00',        'imageUrl' => NULL,        'id' => '9',        'created' => '2015-03-29 01:05:41',        'updated' => '2015-03-29 01:05:42',     )),      'title' => 'Item 3',      'link' => 'http://rss.sample.com/item3',      'content' => ' Item 3 content ',      'pubDate' => '2015-03-27 15:00:00',      'author' => NULL,      'viewed' => '0',      'id' => '21',      'created' => '2015-03-29 01:05:42',      'updated' => '2015-03-29 00:05:42',   )),   3 =>    rss\models\Item::__set_state(array(      'channel' =>      rss\models\Channel::__set_state(array(        'category' => NULL,        'items' =>        array (       ),        'feedLink' => 'http://localhost:8080/demo/rss.xml',        'lastHash' => 'd41d8cd98f00b204e9800998ecf8427e',        'title' => 'RSS Simple Feed Updated',        'link' => 'http://rss.sample.com',        'description' => 'RSS Feed Sample description',        'pubDate' => '2015-03-27 15:00:00',        'imageUrl' => NULL,        'id' => '9',        'created' => '2015-03-29 01:05:41',        'updated' => '2015-03-29 01:05:42',     )),      'title' => 'Item 2',      'link' => 'http://rss.sample.com/item2',      'content' => ' Item 2 content ',      'pubDate' => '2015-03-27 15:00:00',      'author' => NULL,      'viewed' => '0',      'id' => '22',      'created' => '2015-03-29 01:05:42',      'updated' => '2015-03-29 00:05:42',   )),   4 =>    rss\models\Item::__set_state(array(      'channel' =>      rss\models\Channel::__set_state(array(        'category' => NULL,        'items' =>        array (       ),        'feedLink' => 'http://localhost:8080/demo/rss.xml',        'lastHash' => 'd41d8cd98f00b204e9800998ecf8427e',        'title' => 'RSS Simple Feed Updated',        'link' => 'http://rss.sample.com',        'description' => 'RSS Feed Sample description',        'pubDate' => '2015-03-27 15:00:00',        'imageUrl' => NULL,        'id' => '9',        'created' => '2015-03-29 01:05:41',        'updated' => '2015-03-29 01:05:42',     )),      'title' => 'Item 1',      'link' => 'http://rss.sample.com/item1',      'content' => ' Item 1 content ',      'pubDate' => '2015-03-27 15:00:00',      'author' => NULL,      'viewed' => '0',      'id' => '23',      'created' => '2015-03-29 01:05:42',      'updated' => '2015-03-29 00:05:42',   )), ) [] []
[2015-03-29 06:46:20] myapp.INFO: < 200 [] []
[2015-03-29 06:46:20] myapp.INFO: Matched route "GET_sidebar" (parameters: "_controller": "{}", "_route": "GET_sidebar") [] []
[2015-03-29 06:46:20] myapp.INFO: > GET /sidebar [] []
[2015-03-29 06:46:20] myapp.INFO: < 200 [] []
[2015-03-29 06:46:27] myapp.INFO: Matched route "_itemsPUT_id" (parameters: "_controller": "[{},"update"]", "id": "16", "_route": "_itemsPUT_id") [] []
[2015-03-29 06:46:27] myapp.INFO: > PUT /items/16 [] []
[2015-03-29 06:46:27] myapp.INFO: < 200 [] []
[2015-03-29 06:46:27] myapp.INFO: Matched route "GET_sidebar" (parameters: "_controller": "{}", "_route": "GET_sidebar") [] []
[2015-03-29 06:46:27] myapp.INFO: > GET /sidebar [] []
[2015-03-29 06:46:27] myapp.INFO: < 200 [] []
[2015-03-29 06:46:30] myapp.INFO: Matched route "_itemsPUT_id" (parameters: "_controller": "[{},"update"]", "id": "17", "_route": "_itemsPUT_id") [] []
[2015-03-29 06:46:30] myapp.INFO: > PUT /items/17 [] []
[2015-03-29 06:46:30] myapp.INFO: < 200 [] []
[2015-03-29 06:46:30] myapp.INFO: Matched route "GET_sidebar" (parameters: "_controller": "{}", "_route": "GET_sidebar") [] []
[2015-03-29 06:46:30] myapp.INFO: > GET /sidebar [] []
[2015-03-29 06:46:30] myapp.INFO: < 200 [] []
[2015-03-29 06:46:33] myapp.INFO: Matched route "_itemsGET_all" (parameters: "_controller": "[{},"all"]", "_route": "_itemsGET_all") [] []
[2015-03-29 06:46:33] myapp.INFO: > GET /items/all [] []
[2015-03-29 06:46:33] myapp.INFO: < 200 [] []
[2015-03-29 06:46:33] myapp.INFO: Matched route "GET_sidebar" (parameters: "_controller": "{}", "_route": "GET_sidebar") [] []
[2015-03-29 06:46:33] myapp.INFO: > GET /sidebar [] []
[2015-03-29 06:46:33] myapp.INFO: < 200 [] []
[2015-03-29 06:46:34] myapp.INFO: Matched route "" (parameters: "_controller": "{}", "_route": "null", "url": "/items/") [] []
[2015-03-29 06:46:34] myapp.INFO: > GET /items [] []
[2015-03-29 06:46:34] myapp.INFO: < 301 /items/ [] []
[2015-03-29 06:46:34] myapp.INFO: Matched route "_itemsGET_" (parameters: "_controller": "[{},"index"]", "_route": "_itemsGET_") [] []
[2015-03-29 06:46:34] myapp.INFO: > GET /items/ [] []
[2015-03-29 06:46:34] myapp.DEBUG: array (   0 =>    rss\models\Item::__set_state(array(      'channel' =>      rss\models\Channel::__set_state(array(        'category' => NULL,        'items' =>        array (       ),        'feedLink' => 'http://localhost:8080/demo/rss.xml',        'lastHash' => 'd41d8cd98f00b204e9800998ecf8427e',        'title' => 'RSS Simple Feed Updated',        'link' => 'http://rss.sample.com',        'description' => 'RSS Feed Sample description',        'pubDate' => '2015-03-27 15:00:00',        'imageUrl' => NULL,        'id' => '9',        'created' => '2015-03-29 01:05:41',        'updated' => '2015-03-29 01:05:42',     )),      'title' => 'Item 3',      'link' => 'http://rss.sample.com/item3',      'content' => ' Item 3 content ',      'pubDate' => '2015-03-27 15:00:00',      'author' => NULL,      'viewed' => '0',      'id' => '21',      'created' => '2015-03-29 01:05:42',      'updated' => '2015-03-29 00:05:42',   )),   1 =>    rss\models\Item::__set_state(array(      'channel' =>      rss\models\Channel::__set_state(array(        'category' => NULL,        'items' =>        array (       ),        'feedLink' => 'http://localhost:8080/demo/rss.xml',        'lastHash' => 'd41d8cd98f00b204e9800998ecf8427e',        'title' => 'RSS Simple Feed Updated',        'link' => 'http://rss.sample.com',        'description' => 'RSS Feed Sample description',        'pubDate' => '2015-03-27 15:00:00',        'imageUrl' => NULL,        'id' => '9',        'created' => '2015-03-29 01:05:41',        'updated' => '2015-03-29 01:05:42',     )),      'title' => 'Item 2',      'link' => 'http://rss.sample.com/item2',      'content' => ' Item 2 content ',      'pubDate' => '2015-03-27 15:00:00',      'author' => NULL,      'viewed' => '0',      'id' => '22',      'created' => '2015-03-29 01:05:42',      'updated' => '2015-03-29 00:05:42',   )),   2 =>    rss\models\Item::__set_state(array(      'channel' =>      rss\models\Channel::__set_state(array(        'category' => NULL,        'items' =>        array (       ),        'feedLink' => 'http://localhost:8080/demo/rss.xml',        'lastHash' => 'd41d8cd98f00b204e9800998ecf8427e',        'title' => 'RSS Simple Feed Updated',        'link' => 'http://rss.sample.com',        'description' => 'RSS Feed Sample description',        'pubDate' => '2015-03-27 15:00:00',        'imageUrl' => NULL,        'id' => '9',        'created' => '2015-03-29 01:05:41',        'updated' => '2015-03-29 01:05:42',     )),      'title' => 'Item 1',      'link' => 'http://rss.sample.com/item1',      'content' => ' Item 1 content ',      'pubDate' => '2015-03-27 15:00:00',      'author' => NULL,      'viewed' => '0',      'id' => '23',      'created' => '2015-03-29 01:05:42',      'updated' => '2015-03-29 00:05:42',   )), ) [] []
[2015-03-29 06:46:34] myapp.INFO: < 200 [] []
[2015-03-29 06:46:35] myapp.INFO: Matched route "GET_sidebar" (parameters: "_controller": "{}", "_route": "GET_sidebar") [] []
[2015-03-29 06:46:35] myapp.INFO: > GET /sidebar [] []
[2015-03-29 06:46:35] myapp.INFO: < 200 [] []
[2015-03-29 06:46:38] myapp.INFO: Matched route "_itemsGET_all" (parameters: "_controller": "[{},"all"]", "_route": "_itemsGET_all") [] []
[2015-03-29 06:46:38] myapp.INFO: > GET /items/all [] []
[2015-03-29 06:46:38] myapp.INFO: < 200 [] []
[2015-03-29 06:46:38] myapp.INFO: Matched route "GET_sidebar" (parameters: "_controller": "{}", "_route": "GET_sidebar") [] []
[2015-03-29 06:46:38] myapp.INFO: > GET /sidebar [] []
[2015-03-29 06:46:38] myapp.INFO: < 200 [] []
[2015-03-29 06:46:40] myapp.INFO: Matched route "" (parameters: "_controller": "{}", "_route": "null", "url": "/items/") [] []
[2015-03-29 06:46:40] myapp.INFO: > GET /items [] []
[2015-03-29 06:46:40] myapp.INFO: < 301 /items/ [] []
[2015-03-29 06:46:40] myapp.INFO: Matched route "_itemsGET_" (parameters: "_controller": "[{},"index"]", "_route": "_itemsGET_") [] []
[2015-03-29 06:46:40] myapp.INFO: > GET /items/ [] []
[2015-03-29 06:46:40] myapp.DEBUG: array (   0 =>    rss\models\Item::__set_state(array(      'channel' =>      rss\models\Channel::__set_state(array(        'category' => NULL,        'items' =>        array (       ),        'feedLink' => 'http://localhost:8080/demo/rss.xml',        'lastHash' => 'd41d8cd98f00b204e9800998ecf8427e',        'title' => 'RSS Simple Feed Updated',        'link' => 'http://rss.sample.com',        'description' => 'RSS Feed Sample description',        'pubDate' => '2015-03-27 15:00:00',        'imageUrl' => NULL,        'id' => '9',        'created' => '2015-03-29 01:05:41',        'updated' => '2015-03-29 01:05:42',     )),      'title' => 'Item 3',      'link' => 'http://rss.sample.com/item3',      'content' => ' Item 3 content ',      'pubDate' => '2015-03-27 15:00:00',      'author' => NULL,      'viewed' => '0',      'id' => '21',      'created' => '2015-03-29 01:05:42',      'updated' => '2015-03-29 00:05:42',   )),   1 =>    rss\models\Item::__set_state(array(      'channel' =>      rss\models\Channel::__set_state(array(        'category' => NULL,        'items' =>        array (       ),        'feedLink' => 'http://localhost:8080/demo/rss.xml',        'lastHash' => 'd41d8cd98f00b204e9800998ecf8427e',        'title' => 'RSS Simple Feed Updated',        'link' => 'http://rss.sample.com',        'description' => 'RSS Feed Sample description',        'pubDate' => '2015-03-27 15:00:00',        'imageUrl' => NULL,        'id' => '9',        'created' => '2015-03-29 01:05:41',        'updated' => '2015-03-29 01:05:42',     )),      'title' => 'Item 2',      'link' => 'http://rss.sample.com/item2',      'content' => ' Item 2 content ',      'pubDate' => '2015-03-27 15:00:00',      'author' => NULL,      'viewed' => '0',      'id' => '22',      'created' => '2015-03-29 01:05:42',      'updated' => '2015-03-29 00:05:42',   )),   2 =>    rss\models\Item::__set_state(array(      'channel' =>      rss\models\Channel::__set_state(array(        'category' => NULL,        'items' =>        array (       ),        'feedLink' => 'http://localhost:8080/demo/rss.xml',        'lastHash' => 'd41d8cd98f00b204e9800998ecf8427e',        'title' => 'RSS Simple Feed Updated',        'link' => 'http://rss.sample.com',        'description' => 'RSS Feed Sample description',        'pubDate' => '2015-03-27 15:00:00',        'imageUrl' => NULL,        'id' => '9',        'created' => '2015-03-29 01:05:41',        'updated' => '2015-03-29 01:05:42',     )),      'title' => 'Item 1',      'link' => 'http://rss.sample.com/item1',      'content' => ' Item 1 content ',      'pubDate' => '2015-03-27 15:00:00',      'author' => NULL,      'viewed' => '0',      'id' => '23',      'created' => '2015-03-29 01:05:42',      'updated' => '2015-03-29 00:05:42',   )), ) [] []
[2015-03-29 06:46:40] myapp.INFO: < 200 [] []
[2015-03-29 06:46:40] myapp.INFO: Matched route "GET_sidebar" (parameters: "_controller": "{}", "_route": "GET_sidebar") [] []
[2015-03-29 06:46:40] myapp.INFO: > GET /sidebar [] []
[2015-03-29 06:46:40] myapp.INFO: < 200 [] []
[2015-03-29 06:46:44] myapp.INFO: Matched route "" (parameters: "_controller": "{}", "_route": "null", "url": "/categories/") [] []
[2015-03-29 06:46:44] myapp.INFO: > GET /categories [] []
[2015-03-29 06:46:44] myapp.INFO: < 301 /categories/ [] []
[2015-03-29 06:46:44] myapp.INFO: Matched route "_categoriesGET_" (parameters: "_controller": "[{},"index"]", "_route": "_categoriesGET_") [] []
[2015-03-29 06:46:44] myapp.INFO: > GET /categories/ [] []
[2015-03-29 06:46:44] myapp.INFO: < 200 [] []
[2015-03-29 06:46:44] myapp.INFO: Matched route "GET_sidebar" (parameters: "_controller": "{}", "_route": "GET_sidebar") [] []
[2015-03-29 06:46:44] myapp.INFO: > GET /sidebar [] []
[2015-03-29 06:46:44] myapp.INFO: < 200 [] []
[2015-03-29 06:46:47] myapp.INFO: Matched route "" (parameters: "_controller": "{}", "_route": "null", "url": "/channels/") [] []
[2015-03-29 06:46:47] myapp.INFO: > GET /channels [] []
[2015-03-29 06:46:47] myapp.INFO: < 301 /channels/ [] []
[2015-03-29 06:46:47] myapp.INFO: Matched route "_channelsGET_" (parameters: "_controller": "[{},"index"]", "_route": "_channelsGET_") [] []
[2015-03-29 06:46:47] myapp.INFO: > GET /channels/ [] []
[2015-03-29 06:46:47] myapp.INFO: < 200 [] []
[2015-03-29 06:46:47] myapp.INFO: Matched route "GET_sidebar" (parameters: "_controller": "{}", "_route": "GET_sidebar") [] []
[2015-03-29 06:46:47] myapp.INFO: > GET /sidebar [] []
[2015-03-29 06:46:47] myapp.INFO: < 200 [] []
[2015-03-29 06:46:59] myapp.INFO: Matched route "GET_" (parameters: "_controller": "{}", "_route": "GET_") [] []
[2015-03-29 06:46:59] myapp.INFO: > GET / [] []
[2015-03-29 06:46:59] myapp.INFO: < 302 /items [] []
[2015-03-29 06:46:59] myapp.INFO: Matched route "" (parameters: "_controller": "{}", "_route": "null", "url": "/items/") [] []
[2015-03-29 06:46:59] myapp.INFO: > GET /items [] []
[2015-03-29 06:46:59] myapp.INFO: < 301 /items/ [] []
[2015-03-29 06:46:59] myapp.INFO: Matched route "_itemsGET_" (parameters: "_controller": "[{},"index"]", "_route": "_itemsGET_") [] []
[2015-03-29 06:46:59] myapp.INFO: > GET /items/ [] []
[2015-03-29 06:46:59] myapp.DEBUG: array (   0 =>    rss\models\Item::__set_state(array(      'channel' =>      rss\models\Channel::__set_state(array(        'category' => NULL,        'items' =>        array (       ),        'feedLink' => 'http://localhost:8080/demo/rss.xml',        'lastHash' => 'd41d8cd98f00b204e9800998ecf8427e',        'title' => 'RSS Simple Feed Updated',        'link' => 'http://rss.sample.com',        'description' => 'RSS Feed Sample description',        'pubDate' => '2015-03-27 15:00:00',        'imageUrl' => NULL,        'id' => '9',        'created' => '2015-03-29 01:05:41',        'updated' => '2015-03-29 01:05:42',     )),      'title' => 'Item 3',      'link' => 'http://rss.sample.com/item3',      'content' => ' Item 3 content ',      'pubDate' => '2015-03-27 15:00:00',      'author' => NULL,      'viewed' => '0',      'id' => '21',      'created' => '2015-03-29 01:05:42',      'updated' => '2015-03-29 00:05:42',   )),   1 =>    rss\models\Item::__set_state(array(      'channel' =>      rss\models\Channel::__set_state(array(        'category' => NULL,        'items' =>        array (       ),        'feedLink' => 'http://localhost:8080/demo/rss.xml',        'lastHash' => 'd41d8cd98f00b204e9800998ecf8427e',        'title' => 'RSS Simple Feed Updated',        'link' => 'http://rss.sample.com',        'description' => 'RSS Feed Sample description',        'pubDate' => '2015-03-27 15:00:00',        'imageUrl' => NULL,        'id' => '9',        'created' => '2015-03-29 01:05:41',        'updated' => '2015-03-29 01:05:42',     )),      'title' => 'Item 2',      'link' => 'http://rss.sample.com/item2',      'content' => ' Item 2 content ',      'pubDate' => '2015-03-27 15:00:00',      'author' => NULL,      'viewed' => '0',      'id' => '22',      'created' => '2015-03-29 01:05:42',      'updated' => '2015-03-29 00:05:42',   )),   2 =>    rss\models\Item::__set_state(array(      'channel' =>      rss\models\Channel::__set_state(array(        'category' => NULL,        'items' =>        array (       ),        'feedLink' => 'http://localhost:8080/demo/rss.xml',        'lastHash' => 'd41d8cd98f00b204e9800998ecf8427e',        'title' => 'RSS Simple Feed Updated',        'link' => 'http://rss.sample.com',        'description' => 'RSS Feed Sample description',        'pubDate' => '2015-03-27 15:00:00',        'imageUrl' => NULL,        'id' => '9',        'created' => '2015-03-29 01:05:41',        'updated' => '2015-03-29 01:05:42',     )),      'title' => 'Item 1',      'link' => 'http://rss.sample.com/item1',      'content' => ' Item 1 content ',      'pubDate' => '2015-03-27 15:00:00',      'author' => NULL,      'viewed' => '0',      'id' => '23',      'created' => '2015-03-29 01:05:42',      'updated' => '2015-03-29 00:05:42',   )), ) [] []
[2015-03-29 06:46:59] myapp.INFO: < 200 [] []
[2015-03-29 06:46:59] myapp.INFO: Matched route "GET_sidebar" (parameters: "_controller": "{}", "_route": "GET_sidebar") [] []
[2015-03-29 06:46:59] myapp.INFO: > GET /sidebar [] []
[2015-03-29 06:46:59] myapp.INFO: < 200 [] []
